<?xml version="1.0" encoding="UTF-8"?>
<!-- Generated by org.testng.reporters.JUnitXMLReporter -->
<testsuite hostname="fineract-Latitude-E5570" ignored="0" name="Test One" tests="2" failures="0" timestamp="2020-09-16T15:23:56 CEST" time="2.767" errors="0">
  <testcase name="@BeforeMethod setup" time="2.102" classname="com.example.demo.TC_DMR_2955">
    <failure type="org.openqa.selenium.SessionNotCreatedException" message="session not created: This version of ChromeDriver only supports Chrome version 86
Current browser version is 79.0.3945.130 with binary path /usr/bin/google-chrome
Build info: version: &amp;apos;3.141.59&amp;apos;, revision: &amp;apos;e82be7d358&amp;apos;, time: &amp;apos;2018-11-14T08:17:03&amp;apos;
System info: host: &amp;apos;fineract-Latitude-E5570&amp;apos;, ip: &amp;apos;127.0.1.1&amp;apos;, os.name: &amp;apos;Linux&amp;apos;, os.arch: &amp;apos;amd64&amp;apos;, os.version: &amp;apos;4.15.0-88-generic&amp;apos;, java.version: &amp;apos;1.8.0_265&amp;apos;
Driver info: driver.version: ChromeDriver
remote stacktrace: #0 0x55595cdabd99 &amp;lt;unknown&amp;gt;
">
      <![CDATA[org.openqa.selenium.SessionNotCreatedException: session not created: This version of ChromeDriver only supports Chrome version 86
Current browser version is 79.0.3945.130 with binary path /usr/bin/google-chrome
Build info: version: '3.141.59', revision: 'e82be7d358', time: '2018-11-14T08:17:03'
System info: host: 'fineract-Latitude-E5570', ip: '127.0.1.1', os.name: 'Linux', os.arch: 'amd64', os.version: '4.15.0-88-generic', java.version: '1.8.0_265'
Driver info: driver.version: ChromeDriver
remote stacktrace: #0 0x55595cdabd99 <unknown>

at org.openqa.selenium.remote.W3CHandshakeResponse.lambda$errorHandler$0(W3CHandshakeResponse.java:62)
at org.openqa.selenium.remote.HandshakeResponse.lambda$getResponseFunction$0(HandshakeResponse.java:30)
at org.openqa.selenium.remote.ProtocolHandshake.lambda$createSession$0(ProtocolHandshake.java:126)
at java.util.stream.ReferencePipeline$3$1.accept(ReferencePipeline.java:193)
at java.util.Spliterators$ArraySpliterator.tryAdvance(Spliterators.java:958)
at java.util.stream.ReferencePipeline.forEachWithCancel(ReferencePipeline.java:126)
at java.util.stream.AbstractPipeline.copyIntoWithCancel(AbstractPipeline.java:499)
at java.util.stream.AbstractPipeline.copyInto(AbstractPipeline.java:486)
at java.util.stream.AbstractPipeline.wrapAndCopyInto(AbstractPipeline.java:472)
at java.util.stream.FindOps$FindOp.evaluateSequential(FindOps.java:152)
at java.util.stream.AbstractPipeline.evaluate(AbstractPipeline.java:234)
at java.util.stream.ReferencePipeline.findFirst(ReferencePipeline.java:531)
at org.openqa.selenium.remote.ProtocolHandshake.createSession(ProtocolHandshake.java:128)
at org.openqa.selenium.remote.ProtocolHandshake.createSession(ProtocolHandshake.java:74)
at org.openqa.selenium.remote.HttpCommandExecutor.execute(HttpCommandExecutor.java:136)
at org.openqa.selenium.remote.service.DriverCommandExecutor.execute(DriverCommandExecutor.java:83)
at org.openqa.selenium.remote.RemoteWebDriver.execute(RemoteWebDriver.java:552)
at org.openqa.selenium.remote.RemoteWebDriver.startSession(RemoteWebDriver.java:213)
at org.openqa.selenium.remote.RemoteWebDriver.<init>(RemoteWebDriver.java:131)
at org.openqa.selenium.chrome.ChromeDriver.<init>(ChromeDriver.java:181)
at org.openqa.selenium.chrome.ChromeDriver.<init>(ChromeDriver.java:168)
at org.openqa.selenium.chrome.ChromeDriver.<init>(ChromeDriver.java:157)
at com.example.demo.TC_DMR_2955.setup(TC_DMR_2955.java:216)
at java.util.ArrayList.forEach(ArrayList.java:1259)
... Removed 39 stack frames]]>
    </failure>
  </testcase> <!-- @BeforeMethod setup -->
  <testcase name="@AfterMethod ProgramTermination" time="-1.600262636108E9" classname="com.example.demo.TC_DMR_2955">
    <skipped/>
  </testcase> <!-- @AfterMethod ProgramTermination -->
  <testcase name="@BeforeMethod beforeTest" time="-1.600262636109E9" classname="com.example.demo.TC_DMR_2955">
    <skipped/>
  </testcase> <!-- @BeforeMethod beforeTest -->
  <testcase name="@BeforeMethod setup" time="-1.600262636109E9" classname="com.example.demo.TC_DMR_2955">
    <skipped/>
  </testcase> <!-- @BeforeMethod setup -->
  <testcase name="@AfterMethod ProgramTermination" time="-1.600262636109E9" classname="com.example.demo.TC_DMR_2955">
    <skipped/>
  </testcase> <!-- @AfterMethod ProgramTermination -->
  <testcase name="DemoProject" time="0.0" classname="com.example.demo.TC_DMR_2955">
    <skipped/>
  </testcase> <!-- DemoProject -->
  <testcase name="DemoProject" time="0.0" classname="com.example.demo.TC_DMR_2955">
    <skipped/>
  </testcase> <!-- DemoProject -->
</testsuite> <!-- Test One -->
